<?xml version="1.0" encoding="UTF-8"?>
<!-- Generated by org.testng.reporters.JUnitReportReporter -->
<testsuite hostname="DSs-MacBook-Pro" failures="0" tests="5" name="com.salesforce.tests.RandomScenariosTest" time="29.303" errors="1" timestamp="2022-02-07T12:15:58 PST" skipped="4">
  <testcase classname="com.salesforce.tests.RandomScenariosTest" name="TC37" time="29.303">
    <error message="Expected condition failed: waiting for visibility of all [[[ChromeDriver: chrome on MAC (1d4d380abb428625808024981533a694)] -&gt; xpath: //div[@class=&#039;periodElementGroup&#039;]/div[2]/input], [[ChromeDriver: chrome on MAC (1d4d380abb428625808024981533a694)] -&gt; xpath: //div[@class=&#039;periodElementGroup&#039;]/div[2]/input], [[ChromeDriver: chrome on MAC (1d4d380abb428625808024981533a694)] -&gt; xpath: //div[@class=&#039;periodElementGroup&#039;]/div[2]/input], [[ChromeDriver: chrome on MAC (1d4d380abb428625808024981533a694)] -&gt; xpath: //div[@class=&#039;periodElementGroup&#039;]/div[2]/input], [[ChromeDriver: chrome on MAC (1d4d380abb428625808024981533a694)] -&gt; xpath: //div[@class=&#039;periodElementGroup&#039;]/div[2]/input], [[ChromeDriver: chrome on MAC (1d4d380abb428625808024981533a694)] -&gt; xpath: //div[@class=&#039;periodElementGroup&#039;]/div[2]/input], [[ChromeDriver: chrome on MAC (1d4d380abb428625808024981533a694)] -&gt; xpath: //div[@class=&#039;periodElementGroup&#039;]/div[2]/input], [[ChromeDriver: chrome on MAC (1d4d380abb428625808024981533a694)] -&gt; xpath: //div[@class=&#039;periodElementGroup&#039;]/div[2]/input], [[ChromeDriver: chrome on MAC (1d4d380abb428625808024981533a694)] -&gt; xpath: //div[@class=&#039;periodElementGroup&#039;]/div[2]/input], [[ChromeDriver: chrome on MAC (1d4d380abb428625808024981533a694)] -&gt; xpath: //div[@class=&#039;periodElementGroup&#039;]/div[2]/input], [[ChromeDriver: chrome on MAC (1d4d380abb428625808024981533a694)] -&gt; xpath: //div[@class=&#039;periodElementGroup&#039;]/div[2]/input]] (tried for 10 second(s) with 500 milliseconds interval)
Build info: version: &#039;3.141.59&#039;, revision: &#039;e82be7d358&#039;, time: &#039;2018-11-14T08:17:03&#039;
System info: host: &#039;DSs-MacBook-Pro&#039;, ip: &#039;fe80:0:0:0:c3a:c2cf:bc43:3666%en0&#039;, os.name: &#039;Mac OS X&#039;, os.arch: &#039;x86_64&#039;, os.version: &#039;10.16&#039;, java.version: &#039;14.0.1&#039;
Driver info: org.openqa.selenium.chrome.ChromeDriver
Capabilities {acceptInsecureCerts: false, browserName: chrome, browserVersion: 98.0.4758.80, chrome: {chromedriverVersion: 98.0.4758.80 (7f0488e8ba0d8..., userDataDir: /var/folders/_8/hjpgfp5n7j1...}, goog:chromeOptions: {debuggerAddress: localhost:54806}, javascriptEnabled: true, networkConnectionEnabled: false, pageLoadStrategy: normal, platform: MAC, platformName: MAC, proxy: Proxy(), setWindowRect: true, strictFileInteractability: false, timeouts: {implicit: 0, pageLoad: 300000, script: 30000}, unhandledPromptBehavior: dismiss and notify, webauthn:extension:credBlob: true, webauthn:extension:largeBlob: true, webauthn:virtualAuthenticators: true}
Session ID: 1d4d380abb428625808024981533a694" type="org.openqa.selenium.TimeoutException">
      <![CDATA[org.openqa.selenium.TimeoutException: Expected condition failed: waiting for visibility of all [[[ChromeDriver: chrome on MAC (1d4d380abb428625808024981533a694)] -> xpath: //div[@class='periodElementGroup']/div[2]/input], [[ChromeDriver: chrome on MAC (1d4d380abb428625808024981533a694)] -> xpath: //div[@class='periodElementGroup']/div[2]/input], [[ChromeDriver: chrome on MAC (1d4d380abb428625808024981533a694)] -> xpath: //div[@class='periodElementGroup']/div[2]/input], [[ChromeDriver: chrome on MAC (1d4d380abb428625808024981533a694)] -> xpath: //div[@class='periodElementGroup']/div[2]/input], [[ChromeDriver: chrome on MAC (1d4d380abb428625808024981533a694)] -> xpath: //div[@class='periodElementGroup']/div[2]/input], [[ChromeDriver: chrome on MAC (1d4d380abb428625808024981533a694)] -> xpath: //div[@class='periodElementGroup']/div[2]/input], [[ChromeDriver: chrome on MAC (1d4d380abb428625808024981533a694)] -> xpath: //div[@class='periodElementGroup']/div[2]/input], [[ChromeDriver: chrome on MAC (1d4d380abb428625808024981533a694)] -> xpath: //div[@class='periodElementGroup']/div[2]/input], [[ChromeDriver: chrome on MAC (1d4d380abb428625808024981533a694)] -> xpath: //div[@class='periodElementGroup']/div[2]/input], [[ChromeDriver: chrome on MAC (1d4d380abb428625808024981533a694)] -> xpath: //div[@class='periodElementGroup']/div[2]/input], [[ChromeDriver: chrome on MAC (1d4d380abb428625808024981533a694)] -> xpath: //div[@class='periodElementGroup']/div[2]/input]] (tried for 10 second(s) with 500 milliseconds interval)
Build info: version: '3.141.59', revision: 'e82be7d358', time: '2018-11-14T08:17:03'
System info: host: 'DSs-MacBook-Pro', ip: 'fe80:0:0:0:c3a:c2cf:bc43:3666%en0', os.name: 'Mac OS X', os.arch: 'x86_64', os.version: '10.16', java.version: '14.0.1'
Driver info: org.openqa.selenium.chrome.ChromeDriver
Capabilities {acceptInsecureCerts: false, browserName: chrome, browserVersion: 98.0.4758.80, chrome: {chromedriverVersion: 98.0.4758.80 (7f0488e8ba0d8..., userDataDir: /var/folders/_8/hjpgfp5n7j1...}, goog:chromeOptions: {debuggerAddress: localhost:54806}, javascriptEnabled: true, networkConnectionEnabled: false, pageLoadStrategy: normal, platform: MAC, platformName: MAC, proxy: Proxy(), setWindowRect: true, strictFileInteractability: false, timeouts: {implicit: 0, pageLoad: 300000, script: 30000}, unhandledPromptBehavior: dismiss and notify, webauthn:extension:credBlob: true, webauthn:extension:largeBlob: true, webauthn:virtualAuthenticators: true}
Session ID: 1d4d380abb428625808024981533a694
at org.openqa.selenium.support.ui.WebDriverWait.timeoutException(WebDriverWait.java:95)
at org.openqa.selenium.support.ui.FluentWait.until(FluentWait.java:272)
at com.salesforce.pages.home.CalendarPage.selectDayOfWeek(CalendarPage.java:134)
at com.salesforce.tests.RandomScenariosTest.TC37(RandomScenariosTest.java:150)
at java.base/jdk.internal.reflect.NativeMethodAccessorImpl.invoke0(Native Method)
at java.base/jdk.internal.reflect.NativeMethodAccessorImpl.invoke(NativeMethodAccessorImpl.java:62)
at java.base/jdk.internal.reflect.DelegatingMethodAccessorImpl.invoke(DelegatingMethodAccessorImpl.java:43)
at java.base/java.lang.reflect.Method.invoke(Method.java:564)
at org.testng.internal.MethodInvocationHelper.invokeMethod(MethodInvocationHelper.java:133)
at org.testng.internal.TestInvoker.invokeMethod(TestInvoker.java:598)
at org.testng.internal.TestInvoker.invokeTestMethod(TestInvoker.java:173)
at org.testng.internal.MethodRunner.runInSequence(MethodRunner.java:46)
at org.testng.internal.TestInvoker$MethodInvocationAgent.invoke(TestInvoker.java:824)
at org.testng.internal.TestInvoker.invokeTestMethods(TestInvoker.java:146)
at org.testng.internal.TestMethodWorker.invokeTestMethods(TestMethodWorker.java:146)
at org.testng.internal.TestMethodWorker.run(TestMethodWorker.java:128)
at java.base/java.util.ArrayList.forEach(ArrayList.java:1510)
at org.testng.TestRunner.privateRun(TestRunner.java:794)
at org.testng.TestRunner.run(TestRunner.java:596)
at org.testng.SuiteRunner.runTest(SuiteRunner.java:377)
at org.testng.SuiteRunner.runSequentially(SuiteRunner.java:371)
at org.testng.SuiteRunner.privateRun(SuiteRunner.java:332)
at org.testng.SuiteRunner.run(SuiteRunner.java:276)
at org.testng.SuiteRunnerWorker.runSuite(SuiteRunnerWorker.java:53)
at org.testng.SuiteRunnerWorker.run(SuiteRunnerWorker.java:96)
at org.testng.TestNG.runSuitesSequentially(TestNG.java:1212)
at org.testng.TestNG.runSuitesLocally(TestNG.java:1134)
at org.testng.TestNG.runSuites(TestNG.java:1063)
at org.testng.TestNG.run(TestNG.java:1031)
at org.apache.maven.surefire.testng.TestNGExecutor.run(TestNGExecutor.java:281)
at org.apache.maven.surefire.testng.TestNGXmlTestSuite.execute(TestNGXmlTestSuite.java:75)
at org.apache.maven.surefire.testng.TestNGProvider.invoke(TestNGProvider.java:121)
at org.apache.maven.surefire.booter.ForkedBooter.invokeProviderInSameClassLoader(ForkedBooter.java:290)
at org.apache.maven.surefire.booter.ForkedBooter.runSuitesInProcess(ForkedBooter.java:242)
at org.apache.maven.surefire.booter.ForkedBooter.main(ForkedBooter.java:121)
]]>
    </error>
  </testcase> <!-- TC37 -->
  <system-out/>
  <testcase classname="com.salesforce.tests.RandomScenariosTest" name="blockingEventTC36">
    <skipped/>
  </testcase> <!-- blockingEventTC36 -->
  <system-out/>
  <testcase classname="com.salesforce.tests.RandomScenariosTest" name="verifyLastNameTC34">
    <skipped/>
  </testcase> <!-- verifyLastNameTC34 -->
  <system-out/>
  <testcase classname="com.salesforce.tests.RandomScenariosTest" name="verifyNameHomeTabTC33">
    <skipped/>
  </testcase> <!-- verifyNameHomeTabTC33 -->
  <system-out/>
  <testcase classname="com.salesforce.tests.RandomScenariosTest" name="verifyTabCustomiTC35">
    <skipped/>
  </testcase> <!-- verifyTabCustomiTC35 -->
  <system-out/>
</testsuite> <!-- com.salesforce.tests.RandomScenariosTest -->
